11:01:01 - 12.987133264541626 | 1;S;[-1, -1, -1, -1, -1, -1, -1, -1]
11:01:01 - 12.987633228302002 | 2;S;[-1, -1, -1, -1, -1, -1, -1, -1]
11:01:01 - 12.988647699356079 | 3;S;[-1, -1, -1, -1, -1, -1, -1, -1]
11:01:01 - 12.989158391952515 | 4;S;[-1, -1, -1, -1, -1, -1, -1, -1]
11:01:01 - 12.990156173706055 | 5;S;[-1, -1, -1, -1, -1, -1, -1, -1]
11:01:01 - 12.987133264541626 | 1;R;[-1, -1, -1, -1, -1, -1, -1, -1]
11:01:01 - 12.987633228302002 | 2;R;[-1, -1, -1, -1, -1, -1, -1, -1]
11:01:01 - 12.988647699356079 | 3;R;[-1, -1, -1, -1, -1, -1, -1, -1]
11:01:01 - 12.989158391952515 | 4;R;[-1, -1, -1, -1, -1, -1, -1, -1]
11:01:01 - 12.990156173706055 | 5;R;[-1, -1, -1, -1, -1, -1, -1, -1]
11:01:01 - 12.987133264541626 | 1;S;[-1, -1, -1, -1, -1, -1, -1, -1]
11:01:01 - 12.987633228302002 | 2;S;[-1, -1, -1, -1, -1, -1, -1, -1]
11:01:01 - 12.988647699356079 | 3;S;[-1, -1, -1, -1, -1, -1, -1, -1]
11:01:01 - 12.989158391952515 | 4;S;[-1, -1, -1, -1, -1, -1, -1, -1]
11:01:01 - 12.990156173706055 | 5;S;[-1, -1, -1, -1, -1, -1, -1, -1]
11:01:01 - 12.987133264541626 | 1;R;[-1, -1, -1, -1, -1, -1, -1, -1]
11:01:01 - 12.987633228302002 | 2;R;[-1, -1, -1, -1, -1, -1, -1, -1]
11:01:01 - 12.988647699356079 | 3;R;[-1, -1, -1, -1, -1, -1, -1, -1]
11:01:01 - 12.989158391952515 | 4;R;[-1, -1, -1, -1, -1, -1, -1, -1]
11:01:01 - 12.990156173706055 | 5;R;[-1, -1, -1, -1, -1, -1, -1, -1]
11:01:01 - 12.987133264541626 | 1;S;[-1, -1, -1, -1, -1, -1, -1, -1]
11:01:01 - 12.987633228302002 | 2;S;[-1, -1, -1, -1, -1, -1, -1, -1]
11:01:01 - 12.988647699356079 | 3;S;[-1, -1, -1, -1, -1, -1, -1, -1]
11:01:01 - 12.989158391952515 | 4;S;[-1, -1, -1, -1, -1, -1, -1, -1]
11:01:01 - 12.990156173706055 | 5;S;[-1, -1, -1, -1, -1, -1, -1, -1]
11:01:01 - 12.987133264541626 | 1;R;[-1, -1, -1, -1, -1, -1, -1, -1]
11:01:01 - 12.987633228302002 | 2;R;[-1, -1, -1, -1, -1, -1, -1, -1]
11:01:01 - 12.988647699356079 | 3;R;[-1, -1, -1, -1, -1, -1, -1, -1]
11:01:01 - 12.989158391952515 | 4;R;[-1, -1, -1, -1, -1, -1, -1, -1]
11:01:03 - 12.990156173706055 | 5;R;[-1, -1, -1, -1, -1, -1, -1, -1]
